SF:lib\src\positioned_list.dart
DA:27,12
DA:48,36
DA:49,12
DA:144,12
DA:145,12
DA:156,12
DA:158,12
DA:159,40
DA:160,36
DA:161,12
DA:164,12
DA:166,36
DA:167,12
DA:170,9
DA:172,9
DA:173,9
DA:176,12
DA:177,12
DA:178,12
DA:179,12
DA:180,24
DA:181,12
DA:182,12
DA:183,24
DA:184,24
DA:185,24
DA:186,24
DA:187,24
DA:188,48
DA:189,24
DA:190,24
DA:191,12
DA:192,36
DA:193,12
DA:194,12
DA:195,12
DA:196,12
DA:197,36
DA:198,45
DA:199,3
DA:200,15
DA:201,24
DA:202,18
DA:203,9
DA:205,24
DA:206,24
DA:210,12
DA:211,12
DA:212,12
DA:213,12
DA:214,12
DA:215,36
DA:216,36
DA:217,3
DA:218,12
DA:219,36
DA:221,24
DA:222,24
DA:226,36
DA:227,72
DA:228,12
DA:229,12
DA:230,12
DA:231,12
DA:232,36
DA:233,45
DA:234,3
DA:235,15
DA:236,24
DA:237,54
DA:238,21
DA:240,24
DA:241,24
DA:249,3
DA:250,3
DA:251,6
DA:253,15
DA:257,12
DA:258,12
DA:259,12
DA:260,24
DA:261,12
DA:262,48
DA:263,12
DA:267,12
DA:268,36
DA:269,20
DA:270,5
DA:271,19
DA:272,8
DA:273,3
DA:274,10
DA:275,12
DA:277,48
DA:278,20
DA:279,7
DA:280,6
DA:281,0
DA:283,3
DA:284,3
DA:286,3
DA:287,19
DA:288,18
DA:289,18
DA:290,3
DA:292,8
DA:293,8
DA:294,3
DA:295,6
DA:296,0
DA:298,3
DA:299,3
DA:301,1
DA:302,10
DA:303,12
DA:304,12
DA:305,0
DA:308,4
DA:310,12
DA:311,36
DA:312,20
DA:313,10
DA:314,27
DA:315,8
DA:316,4
DA:317,14
DA:319,12
DA:320,12
DA:321,12
DA:322,36
DA:323,24
DA:325,3
DA:328,12
DA:330,24
DA:331,12
DA:332,12
DA:334,12
DA:335,11
DA:338,12
DA:339,3
DA:342,24
DA:344,12
DA:345,36
DA:346,20
DA:347,10
DA:349,70
DA:350,20
DA:351,10
DA:352,20
DA:353,30
DA:354,50
DA:355,30
DA:358,8
DA:359,4
DA:360,8
DA:361,4
DA:362,8
DA:363,4
DA:364,3
DA:366,8
DA:367,12
DA:368,8
DA:369,4
DA:371,12
DA:372,8
DA:373,12
DA:376,48
DA:377,12
LF:168
LH:165
end_of_record
SF:lib\src\item_positions_listener.dart
DA:15,22
DA:24,12
DA:45,0
DA:47,0
DA:49,0
DA:50,0
DA:51,0
DA:54,0
DA:56,0
DA:57,0
DA:59,0
DA:61,0
LF:12
LH:2
end_of_record
SF:lib\src\scrollable_positioned_list.dart
DA:40,6
DA:66,6
DA:70,2
DA:94,2
DA:97,2
DA:209,8
DA:210,8
DA:219,2
DA:239,6
DA:243,12
DA:249,0
DA:252,0
DA:276,8
DA:283,8
DA:284,24
DA:285,16
DA:286,16
DA:301,0
DA:307,0
DA:316,8
DA:317,8
DA:318,8
DA:321,8
DA:322,8
DA:335,1
DA:336,4
DA:340,1
DA:345,2
DA:346,4
DA:354,1
DA:357,2
DA:358,4
DA:361,1
DA:362,1
DA:363,1
DA:366,1
DA:367,1
DA:382,8
DA:390,8
DA:392,8
DA:394,32
DA:395,33
DA:396,16
DA:397,17
DA:398,72
DA:399,0
DA:401,24
DA:402,17
DA:403,40
DA:404,40
DA:405,32
DA:406,16
DA:409,1
DA:411,1
DA:412,3
DA:413,2
DA:416,8
DA:418,24
DA:419,17
DA:420,8
DA:423,8
DA:425,24
DA:426,16
DA:427,24
DA:428,16
DA:429,32
DA:430,16
DA:431,8
DA:434,2
DA:436,2
DA:437,6
DA:438,4
DA:440,8
DA:441,6
DA:442,6
DA:445,6
DA:446,2
DA:447,2
DA:448,2
DA:451,12
DA:452,2
DA:453,5
DA:456,12
DA:457,0
DA:458,0
DA:464,8
DA:466,8
DA:467,8
DA:468,8
DA:469,8
DA:470,16
DA:471,16
DA:472,8
DA:473,16
DA:474,8
DA:475,8
DA:476,8
DA:477,16
DA:478,8
DA:479,8
DA:480,16
DA:481,8
DA:482,16
DA:483,16
DA:487,8
DA:488,8
DA:489,16
DA:490,8
DA:491,8
DA:492,8
DA:493,8
DA:494,8
DA:495,16
DA:507,8
DA:511,8
DA:512,16
DA:513,16
DA:514,16
DA:515,8
DA:516,8
DA:517,8
DA:518,16
DA:519,16
DA:521,8
DA:522,16
DA:523,16
DA:524,16
DA:525,16
DA:526,16
DA:527,16
DA:528,16
DA:529,16
DA:530,16
DA:533,16
DA:534,24
DA:535,6
DA:536,12
DA:538,16
DA:541,6
DA:545,6
DA:546,24
DA:547,0
DA:549,12
DA:550,18
DA:551,12
DA:552,12
DA:556,8
DA:563,32
DA:564,0
DA:566,8
DA:567,1
DA:568,1
DA:569,3
DA:570,1
DA:577,1
DA:579,1
DA:581,8
DA:591,8
DA:598,27
DA:599,32
DA:600,8
DA:601,24
DA:604,12
DA:605,24
DA:606,18
DA:607,24
DA:608,6
DA:609,30
DA:613,8
DA:614,32
DA:615,8
DA:616,8
DA:617,16
DA:618,24
DA:619,8
DA:620,16
DA:621,8
DA:622,16
DA:623,24
DA:624,16
DA:625,40
DA:626,8
DA:627,40
DA:628,8
DA:629,32
DA:631,32
DA:632,40
DA:635,24
DA:636,8
DA:639,16
DA:642,16
DA:643,16
DA:644,8
DA:646,32
DA:647,8
DA:651,8
DA:652,8
DA:657,3
DA:658,6
DA:660,3
DA:661,6
DA:665,8
DA:666,16
DA:667,24
DA:669,32
DA:670,8
DA:671,16
DA:672,8
DA:673,32
DA:675,8
DA:676,16
DA:681,8
DA:684,16
DA:685,8
DA:686,8
DA:687,8
DA:688,8
DA:689,8
DA:690,8
DA:691,8
DA:692,8
DA:693,8
DA:697,8
DA:698,32
DA:699,16
DA:700,32
DA:701,8
DA:702,24
DA:703,8
DA:704,16
DA:705,24
DA:709,30
DA:712,8
DA:713,24
DA:714,16
DA:715,8
DA:716,16
DA:717,17
DA:718,18
DA:724,8
LF:240
LH:231
end_of_record
SF:lib\src\scroll_offset_listener.dart
DA:17,1
DA:20,1
LF:2
LH:2
end_of_record
SF:lib\src\element_registry.dart
DA:10,12
DA:14,12
DA:26,12
DA:27,12
DA:34,12
DA:37,12
DA:39,12
DA:40,12
DA:46,12
DA:47,12
DA:49,24
DA:56,12
DA:60,12
DA:62,9
DA:67,24
DA:69,9
DA:74,12
DA:76,12
DA:78,12
DA:79,24
DA:80,36
DA:81,48
DA:82,24
DA:85,9
DA:87,9
DA:89,9
DA:90,18
DA:91,27
DA:92,36
DA:93,18
DA:96,12
DA:98,36
DA:99,48
DA:100,24
DA:101,12
LF:35
LH:35
end_of_record
SF:lib\src\scroll_view.dart
DA:18,12
DA:38,12
DA:59,12
DA:60,12
DA:63,12
DA:71,12
DA:72,3
DA:75,3
DA:76,3
DA:77,3
DA:78,3
DA:82,11
DA:85,11
DA:86,11
DA:87,11
DA:88,11
LF:16
LH:16
end_of_record
SF:lib\src\wrapping.dart
DA:39,3
DA:51,3
DA:65,3
DA:66,3
DA:68,3
DA:70,3
DA:71,3
DA:72,3
DA:73,6
DA:74,3
DA:75,3
DA:76,3
DA:80,2
DA:84,4
DA:85,4
DA:86,4
DA:87,4
DA:88,4
DA:89,4
DA:90,4
DA:91,4
DA:126,3
DA:135,3
DA:146,3
DA:147,3
DA:149,3
DA:154,2
DA:156,4
DA:157,0
DA:158,0
DA:174,3
DA:176,3
DA:177,0
DA:178,0
DA:179,0
DA:180,0
DA:181,0
DA:185,9
DA:187,3
DA:188,3
DA:189,0
DA:190,0
DA:191,0
DA:192,0
DA:194,0
DA:195,0
DA:196,0
DA:199,0
DA:200,0
DA:201,0
DA:202,0
DA:203,0
DA:209,3
DA:210,3
DA:211,6
DA:212,3
DA:213,3
DA:215,0
DA:216,0
DA:217,0
DA:218,0
DA:222,3
DA:223,2
DA:226,6
DA:231,3
DA:232,9
DA:233,3
DA:234,0
DA:236,3
DA:237,3
DA:238,6
DA:240,0
DA:241,0
DA:245,12
DA:246,15
DA:248,6
DA:249,3
DA:252,6
DA:254,6
DA:260,3
DA:261,3
DA:262,3
DA:263,3
DA:265,0
DA:266,0
DA:267,0
DA:272,3
DA:274,6
DA:275,6
DA:276,6
DA:277,6
DA:278,6
DA:279,3
DA:280,3
DA:281,3
DA:282,3
DA:287,9
DA:289,3
DA:291,6
DA:293,3
DA:294,3
DA:295,6
DA:297,0
DA:298,0
DA:302,9
DA:303,6
DA:305,3
DA:307,6
DA:309,6
DA:313,2
DA:315,4
DA:322,2
DA:324,2
DA:325,6
DA:327,2
DA:331,3
DA:332,3
DA:333,6
DA:335,6
DA:336,3
DA:343,3
DA:345,9
DA:349,3
DA:350,3
DA:352,3
DA:356,3
DA:357,9
DA:359,2
DA:360,6
DA:363,5
DA:364,9
DA:365,6
DA:368,0
DA:369,0
DA:413,3
DA:424,3
DA:425,18
DA:426,6
DA:428,3
DA:496,0
DA:499,0
DA:500,0
DA:507,0
DA:508,0
DA:510,0
DA:511,0
DA:518,0
DA:519,0
DA:527,3
DA:528,3
DA:530,0
DA:532,0
DA:533,0
DA:534,0
DA:535,0
DA:537,0
DA:538,0
DA:539,0
DA:540,0
DA:541,0
DA:542,0
DA:545,0
DA:546,0
DA:547,0
DA:553,6
DA:555,3
DA:556,3
DA:558,3
DA:560,3
DA:562,3
DA:564,3
DA:565,3
DA:568,2
DA:570,2
DA:571,2
DA:574,3
DA:575,6
DA:576,9
DA:577,21
DA:578,3
DA:579,0
DA:580,0
DA:582,0
DA:586,3
DA:588,9
DA:589,3
DA:590,6
DA:591,3
DA:652,3
DA:662,9
DA:663,6
DA:666,3
DA:674,3
DA:675,3
DA:715,3
DA:717,6
DA:718,6
DA:743,6
DA:746,3
DA:747,6
DA:748,3
DA:749,3
DA:752,0
DA:755,0
DA:757,0
DA:758,0
DA:759,0
DA:760,0
DA:761,0
DA:762,0
DA:763,0
DA:764,0
DA:769,0
DA:778,0
DA:779,0
DA:787,0
DA:788,0
DA:789,0
DA:790,0
DA:791,0
DA:796,0
DA:805,0
DA:806,0
DA:817,0
DA:818,0
DA:828,0
DA:829,0
DA:831,0
DA:835,0
DA:836,0
DA:838,0
DA:839,0
DA:842,0
DA:845,3
DA:849,3
DA:850,3
DA:851,3
DA:854,3
DA:857,3
DA:858,3
DA:859,6
DA:862,3
DA:864,9
DA:865,6
DA:867,3
DA:869,3
DA:870,3
DA:871,6
DA:872,2
DA:874,3
DA:875,2
DA:877,4
DA:878,2
DA:879,0
DA:880,0
DA:882,2
DA:886,3
DA:888,9
DA:889,6
DA:891,3
DA:893,3
DA:894,3
DA:895,6
DA:896,2
DA:899,2
DA:901,4
DA:902,2
DA:903,0
DA:904,0
DA:910,3
DA:912,3
DA:913,9
DA:916,2
DA:920,2
DA:921,2
DA:922,8
DA:923,2
DA:924,0
DA:925,4
DA:926,0
DA:927,0
DA:928,0
DA:929,0
DA:930,0
DA:931,0
DA:935,0
DA:937,0
DA:938,0
DA:939,0
DA:941,0
DA:942,0
DA:943,0
DA:944,0
DA:949,0
DA:951,0
DA:952,0
DA:955,3
DA:957,3
DA:958,3
DA:959,6
DA:961,2
DA:963,3
DA:966,6
DA:967,2
DA:971,2
DA:973,2
DA:974,2
DA:977,2
DA:979,0
DA:982,0
DA:986,0
DA:988,0
DA:989,0
LF:313
LH:196
end_of_record
SF:lib\src\post_mount_callback.dart
DA:10,8
DA:14,8
DA:22,8
DA:23,8
DA:25,8
DA:26,8
DA:30,16
DA:32,8
DA:34,8
DA:35,8
DA:36,16
LF:11
LH:11
end_of_record
SF:lib\src\scroll_offset_notifier.dart
DA:8,1
DA:14,1
DA:15,2
DA:17,2
DA:19,0
DA:20,0
LF:6
LH:4
end_of_record
SF:lib\src\viewport.dart
DA:16,11
DA:27,11
DA:42,11
DA:43,11
DA:45,11
DA:47,11
DA:48,11
DA:49,11
DA:50,22
DA:51,11
DA:52,11
DA:53,11
DA:68,11
DA:78,11
DA:104,11
DA:105,11
DA:107,7
DA:109,14
DA:110,2
DA:111,2
DA:114,11
DA:116,11
DA:120,11
DA:121,11
DA:122,36
DA:124,4
DA:125,16
DA:130,11
DA:132,11
DA:133,0
DA:136,11
DA:137,11
DA:138,9
DA:139,18
DA:140,36
DA:141,18
DA:142,36
DA:145,4
DA:146,16
DA:147,8
DA:148,16
DA:149,8
DA:154,11
DA:156,11
DA:157,0
DA:158,0
DA:159,0
DA:160,0
DA:161,0
DA:164,33
DA:168,11
DA:169,11
DA:170,18
DA:171,18
DA:173,4
DA:174,8
DA:175,8
DA:179,22
DA:184,11
DA:185,33
DA:186,11
DA:187,0
DA:190,44
DA:191,55
DA:192,22
DA:193,11
DA:194,22
DA:199,1
DA:200,1
DA:201,22
DA:202,11
DA:203,0
DA:204,0
DA:223,11
DA:226,11
DA:228,22
DA:229,22
DA:230,22
DA:231,22
DA:232,22
DA:233,11
DA:234,11
DA:235,11
DA:240,33
DA:242,11
DA:244,22
DA:246,11
DA:247,11
DA:248,22
DA:250,0
DA:251,0
DA:255,33
DA:256,22
DA:258,11
DA:260,22
DA:262,22
DA:266,10
DA:268,20
DA:275,10
DA:277,10
DA:278,30
DA:280,10
DA:284,11
DA:285,11
DA:286,22
DA:288,18
DA:289,11
DA:296,11
DA:298,33
DA:302,11
DA:303,11
DA:305,11
DA:309,11
DA:310,33
DA:312,10
DA:313,30
DA:316,22
LF:117
LH:106
end_of_record
